# JRE version: Java(TM) SE Runtime Environment (8.0_91-b15) (build 1.8.0_91-b15)
# Java VM: Java HotSpot(TM) 64-Bit Server VM (25.91-b15 mixed mode windows-amd64 compressed oops)
Heap:
 PSYoungGen      total 90112K, used 60901K [0x00000000e0000000, 0x00000000e7100000, 0x0000000100000000)
  eden space 78848K, 77% used [0x00000000e0000000,0x00000000e3b79598,0x00000000e4d00000)
  from space 11264K, 0% used [0x00000000e5780000,0x00000000e5780000,0x00000000e6280000)
  to   space 10752K, 0% used [0x00000000e4d00000,0x00000000e4d00000,0x00000000e5780000)
 ParOldGen       total 47104K, used 14769K [0x00000000a0000000, 0x00000000a2e00000, 0x00000000e0000000)
  object space 47104K, 31% used [0x00000000a0000000,0x00000000a0e6c678,0x00000000a2e00000)
 Metaspace       used 38251K, capacity 39152K, committed 39384K, reserved 1083392K
  class space    used 5314K, capacity 5509K, committed 5632K, reserved 1048576K
GC Heap History (10 events):
Event: 6.769 GC heap before
{Heap before GC invocations=10 (full 1):
 PSYoungGen      total 53248K, used 52927K [0x00000000e0000000, 0x00000000e4d80000, 0x0000000100000000)
  eden space 47616K, 100% used [0x00000000e0000000,0x00000000e2e80000,0x00000000e2e80000)
  from space 5632K, 94% used [0x00000000e4800000,0x00000000e4d2fda8,0x00000000e4d80000)
  to   space 8192K, 0% used [0x00000000e3d80000,0x00000000e3d80000,0x00000000e4580000)
 ParOldGen       total 38912K, used 9586K [0x00000000a0000000, 0x00000000a2600000, 0x00000000e0000000)
  object space 38912K, 24% used [0x00000000a0000000,0x00000000a095cac8,0x00000000a2600000)
 Metaspace       used 26952K, capacity 27636K, committed 27904K, reserved 1073152K
  class space    used 3843K, capacity 4019K, committed 4096K, reserved 1048576K
Event: 6.777 GC heap after
Heap after GC invocations=10 (full 1):
 PSYoungGen      total 67584K, used 6926K [0x00000000e0000000, 0x00000000e4c00000, 0x0000000100000000)
  eden space 60416K, 0% used [0x00000000e0000000,0x00000000e0000000,0x00000000e3b00000)
  from space 7168K, 96% used [0x00000000e3d80000,0x00000000e4443b88,0x00000000e4480000)
  to   space 7680K, 0% used [0x00000000e4480000,0x00000000e4480000,0x00000000e4c00000)
 ParOldGen       total 38912K, used 9586K [0x00000000a0000000, 0x00000000a2600000, 0x00000000e0000000)
  object space 38912K, 24% used [0x00000000a0000000,0x00000000a095cac8,0x00000000a2600000)
 Metaspace       used 26952K, capacity 27636K, committed 27904K, reserved 1073152K
  class space    used 3843K, capacity 4019K, committed 4096K, reserved 1048576K
}
Event: 13.017 GC heap before
{Heap before GC invocations=11 (full 1):
 PSYoungGen      total 67584K, used 67342K [0x00000000e0000000, 0x00000000e4c00000, 0x0000000100000000)
  eden space 60416K, 100% used [0x00000000e0000000,0x00000000e3b00000,0x00000000e3b00000)
  from space 7168K, 96% used [0x00000000e3d80000,0x00000000e4443b88,0x00000000e4480000)
  to   space 7680K, 0% used [0x00000000e4480000,0x00000000e4480000,0x00000000e4c00000)
 ParOldGen       total 38912K, used 9586K [0x00000000a0000000, 0x00000000a2600000, 0x00000000e0000000)
  object space 38912K, 24% used [0x00000000a0000000,0x00000000a095cac8,0x00000000a2600000)
 Metaspace       used 30263K, capacity 30990K, committed 31104K, reserved 1075200K
  class space    used 4231K, capacity 4413K, committed 4480K, reserved 1048576K
Event: 13.028 GC heap after
Heap after GC invocations=11 (full 1):
 PSYoungGen      total 68608K, used 7658K [0x00000000e0000000, 0x00000000e5a80000, 0x0000000100000000)
  eden space 60928K, 0% used [0x00000000e0000000,0x00000000e0000000,0x00000000e3b80000)
  from space 7680K, 99% used [0x00000000e4480000,0x00000000e4bfab88,0x00000000e4c00000)
  to   space 9216K, 0% used [0x00000000e3b80000,0x00000000e3b80000,0x00000000e4480000)
 ParOldGen       total 38912K, used 9762K [0x00000000a0000000, 0x00000000a2600000, 0x00000000e0000000)
  object space 38912K, 25% used [0x00000000a0000000,0x00000000a0988ad8,0x00000000a2600000)
 Metaspace       used 30263K, capacity 30990K, committed 31104K, reserved 1075200K
  class space    used 4231K, capacity 4413K, committed 4480K, reserved 1048576K
}
Event: 14.022 GC heap before
{Heap before GC invocations=12 (full 1):
 PSYoungGen      total 68608K, used 68586K [0x00000000e0000000, 0x00000000e5a80000, 0x0000000100000000)
  eden space 60928K, 100% used [0x00000000e0000000,0x00000000e3b80000,0x00000000e3b80000)
  from space 7680K, 99% used [0x00000000e4480000,0x00000000e4bfab88,0x00000000e4c00000)
  to   space 9216K, 0% used [0x00000000e3b80000,0x00000000e3b80000,0x00000000e4480000)
 ParOldGen       total 38912K, used 9762K [0x00000000a0000000, 0x00000000a2600000, 0x00000000e0000000)
  object space 38912K, 25% used [0x00000000a0000000,0x00000000a0988ad8,0x00000000a2600000)
 Metaspace       used 34413K, capacity 35220K, committed 35416K, reserved 1079296K
  class space    used 4763K, capacity 4934K, committed 4992K, reserved 1048576K
Event: 14.045 GC heap after
Heap after GC invocations=12 (full 1):
 PSYoungGen      total 70144K, used 9191K [0x00000000e0000000, 0x00000000e6280000, 0x0000000100000000)
  eden space 60928K, 0% used [0x00000000e0000000,0x00000000e0000000,0x00000000e3b80000)
  from space 9216K, 99% used [0x00000000e3b80000,0x00000000e4479fb0,0x00000000e4480000)
  to   space 11264K, 0% used [0x00000000e5780000,0x00000000e5780000,0x00000000e6280000)
 ParOldGen       total 38912K, used 11906K [0x00000000a0000000, 0x00000000a2600000, 0x00000000e0000000)
  object space 38912K, 30% used [0x00000000a0000000,0x00000000a0ba0a40,0x00000000a2600000)
 Metaspace       used 34413K, capacity 35220K, committed 35416K, reserved 1079296K
  class space    used 4763K, capacity 4934K, committed 4992K, reserved 1048576K
}
Event: 14.061 GC heap before
{Heap before GC invocations=13 (full 1):
 PSYoungGen      total 70144K, used 10412K [0x00000000e0000000, 0x00000000e6280000, 0x0000000100000000)
  eden space 60928K, 2% used [0x00000000e0000000,0x00000000e0131268,0x00000000e3b80000)
  from space 9216K, 99% used [0x00000000e3b80000,0x00000000e4479fb0,0x00000000e4480000)
  to   space 11264K, 0% used [0x00000000e5780000,0x00000000e5780000,0x00000000e6280000)
 ParOldGen       total 38912K, used 11906K [0x00000000a0000000, 0x00000000a2600000, 0x00000000e0000000)
  object space 38912K, 30% used [0x00000000a0000000,0x00000000a0ba0a40,0x00000000a2600000)
 Metaspace       used 34472K, capacity 35258K, committed 35416K, reserved 1079296K
  class space    used 4770K, capacity 4967K, committed 4992K, reserved 1048576K
Event: 14.075 GC heap after
Heap after GC invocations=13 (full 1):
 PSYoungGen      total 90112K, used 5619K [0x00000000e0000000, 0x00000000e7100000, 0x0000000100000000)
  eden space 78848K, 0% used [0x00000000e0000000,0x00000000e0000000,0x00000000e4d00000)
  from space 11264K, 49% used [0x00000000e5780000,0x00000000e5cfcf18,0x00000000e6280000)
  to   space 10752K, 0% used [0x00000000e4d00000,0x00000000e4d00000,0x00000000e5780000)
 ParOldGen       total 38912K, used 14550K [0x00000000a0000000, 0x00000000a2600000, 0x00000000e0000000)
  object space 38912K, 37% used [0x00000000a0000000,0x00000000a0e35ac0,0x00000000a2600000)
 Metaspace       used 34472K, capacity 35258K, committed 35416K, reserved 1079296K
  class space    used 4770K, capacity 4967K, committed 4992K, reserved 1048576K
}
Event: 14.075 GC heap before
{Heap before GC invocations=14 (full 2):
 PSYoungGen      total 90112K, used 5619K [0x00000000e0000000, 0x00000000e7100000, 0x0000000100000000)
  eden space 78848K, 0% used [0x00000000e0000000,0x00000000e0000000,0x00000000e4d00000)
  from space 11264K, 49% used [0x00000000e5780000,0x00000000e5cfcf18,0x00000000e6280000)
  to   space 10752K, 0% used [0x00000000e4d00000,0x00000000e4d00000,0x00000000e5780000)
 ParOldGen       total 38912K, used 14550K [0x00000000a0000000, 0x00000000a2600000, 0x00000000e0000000)
  object space 38912K, 37% used [0x00000000a0000000,0x00000000a0e35ac0,0x00000000a2600000)
 Metaspace       used 34472K, capacity 35258K, committed 35416K, reserved 1079296K
  class space    used 4770K, capacity 4967K, committed 4992K, reserved 1048576K
Event: 14.177 GC heap after
Heap after GC invocations=14 (full 2):
 PSYoungGen      total 90112K, used 0K [0x00000000e0000000, 0x00000000e7100000, 0x0000000100000000)
  eden space 78848K, 0% used [0x00000000e0000000,0x00000000e0000000,0x00000000e4d00000)
  from space 11264K, 0% used [0x00000000e5780000,0x00000000e5780000,0x00000000e6280000)
  to   space 10752K, 0% used [0x00000000e4d00000,0x00000000e4d00000,0x00000000e5780000)
 ParOldGen       total 47104K, used 14769K [0x00000000a0000000, 0x00000000a2e00000, 0x00000000e0000000)
  object space 47104K, 31% used [0x00000000a0000000,0x00000000a0e6c678,0x00000000a2e00000)
 Metaspace       used 34472K, capacity 35258K, committed 35416K, reserved 1079296K
  class space    used 4770K, capacity 4967K, committed 4992K, reserved 1048576K
}

