# JRE version: Java(TM) SE Runtime Environment (8.0_91-b15) (build 1.8.0_91-b15)
# Java VM: Java HotSpot(TM) 64-Bit Server VM (25.91-b15 mixed mode windows-amd64 compressed oops)
Heap:
 PSYoungGen      total 72192K, used 16354K [0x00000000e0000000, 0x00000000e6280000, 0x0000000100000000)
  eden space 60928K, 26% used [0x00000000e0000000,0x00000000e0ff8be0,0x00000000e3b80000)
  from space 11264K, 0% used [0x00000000e5780000,0x00000000e5780000,0x00000000e6280000)
  to   space 9216K, 0% used [0x00000000e3b80000,0x00000000e3b80000,0x00000000e4480000)
 ParOldGen       total 38400K, used 14835K [0x00000000a0000000, 0x00000000a2580000, 0x00000000e0000000)
  object space 38400K, 38% used [0x00000000a0000000,0x00000000a0e7ce08,0x00000000a2580000)
 Metaspace       used 36038K, capacity 36868K, committed 37208K, reserved 1081344K
  class space    used 4976K, capacity 5198K, committed 5248K, reserved 1048576K
GC Heap History (10 events):
Event: 6.210 GC heap before
{Heap before GC invocations=10 (full 1):
 PSYoungGen      total 53760K, used 53454K [0x00000000e0000000, 0x00000000e4d80000, 0x0000000100000000)
  eden space 48128K, 100% used [0x00000000e0000000,0x00000000e2f00000,0x00000000e2f00000)
  from space 5632K, 94% used [0x00000000e4800000,0x00000000e4d33860,0x00000000e4d80000)
  to   space 8192K, 0% used [0x00000000e3d80000,0x00000000e3d80000,0x00000000e4580000)
 ParOldGen       total 38400K, used 9580K [0x00000000a0000000, 0x00000000a2580000, 0x00000000e0000000)
  object space 38400K, 24% used [0x00000000a0000000,0x00000000a095b2a0,0x00000000a2580000)
 Metaspace       used 27027K, capacity 27636K, committed 27904K, reserved 1073152K
  class space    used 3850K, capacity 4019K, committed 4096K, reserved 1048576K
Event: 6.219 GC heap after
Heap after GC invocations=10 (full 1):
 PSYoungGen      total 68608K, used 7066K [0x00000000e0000000, 0x00000000e4d00000, 0x0000000100000000)
  eden space 61440K, 0% used [0x00000000e0000000,0x00000000e0000000,0x00000000e3c00000)
  from space 7168K, 98% used [0x00000000e3d80000,0x00000000e4466b98,0x00000000e4480000)
  to   space 8704K, 0% used [0x00000000e4480000,0x00000000e4480000,0x00000000e4d00000)
 ParOldGen       total 38400K, used 9588K [0x00000000a0000000, 0x00000000a2580000, 0x00000000e0000000)
  object space 38400K, 24% used [0x00000000a0000000,0x00000000a095d2a0,0x00000000a2580000)
 Metaspace       used 27027K, capacity 27636K, committed 27904K, reserved 1073152K
  class space    used 3850K, capacity 4019K, committed 4096K, reserved 1048576K
}
Event: 7.943 GC heap before
{Heap before GC invocations=11 (full 1):
 PSYoungGen      total 68608K, used 68506K [0x00000000e0000000, 0x00000000e4d00000, 0x0000000100000000)
  eden space 61440K, 100% used [0x00000000e0000000,0x00000000e3c00000,0x00000000e3c00000)
  from space 7168K, 98% used [0x00000000e3d80000,0x00000000e4466b98,0x00000000e4480000)
  to   space 8704K, 0% used [0x00000000e4480000,0x00000000e4480000,0x00000000e4d00000)
 ParOldGen       total 38400K, used 9588K [0x00000000a0000000, 0x00000000a2580000, 0x00000000e0000000)
  object space 38400K, 24% used [0x00000000a0000000,0x00000000a095d2a0,0x00000000a2580000)
 Metaspace       used 30256K, capacity 30926K, committed 31104K, reserved 1075200K
  class space    used 4224K, capacity 4413K, committed 4480K, reserved 1048576K
Event: 7.969 GC heap after
Heap after GC invocations=11 (full 1):
 PSYoungGen      total 69632K, used 7747K [0x00000000e0000000, 0x00000000e5f00000, 0x0000000100000000)
  eden space 60928K, 0% used [0x00000000e0000000,0x00000000e0000000,0x00000000e3b80000)
  from space 8704K, 89% used [0x00000000e4480000,0x00000000e4c10d48,0x00000000e4d00000)
  to   space 9216K, 0% used [0x00000000e3b80000,0x00000000e3b80000,0x00000000e4480000)
 ParOldGen       total 38400K, used 9660K [0x00000000a0000000, 0x00000000a2580000, 0x00000000e0000000)
  object space 38400K, 25% used [0x00000000a0000000,0x00000000a096f2b0,0x00000000a2580000)
 Metaspace       used 30256K, capacity 30926K, committed 31104K, reserved 1075200K
  class space    used 4224K, capacity 4413K, committed 4480K, reserved 1048576K
}
Event: 9.420 GC heap before
{Heap before GC invocations=12 (full 1):
 PSYoungGen      total 69632K, used 68675K [0x00000000e0000000, 0x00000000e5f00000, 0x0000000100000000)
  eden space 60928K, 100% used [0x00000000e0000000,0x00000000e3b80000,0x00000000e3b80000)
  from space 8704K, 89% used [0x00000000e4480000,0x00000000e4c10d48,0x00000000e4d00000)
  to   space 9216K, 0% used [0x00000000e3b80000,0x00000000e3b80000,0x00000000e4480000)
 ParOldGen       total 38400K, used 9660K [0x00000000a0000000, 0x00000000a2580000, 0x00000000e0000000)
  object space 38400K, 25% used [0x00000000a0000000,0x00000000a096f2b0,0x00000000a2580000)
 Metaspace       used 34496K, capacity 35258K, committed 35416K, reserved 1079296K
  class space    used 4767K, capacity 4967K, committed 4992K, reserved 1048576K
Event: 9.440 GC heap after
Heap after GC invocations=12 (full 1):
 PSYoungGen      total 70144K, used 9196K [0x00000000e0000000, 0x00000000e6280000, 0x0000000100000000)
  eden space 60928K, 0% used [0x00000000e0000000,0x00000000e0000000,0x00000000e3b80000)
  from space 9216K, 99% used [0x00000000e3b80000,0x00000000e447b000,0x00000000e4480000)
  to   space 11264K, 0% used [0x00000000e5780000,0x00000000e5780000,0x00000000e6280000)
 ParOldGen       total 38400K, used 11784K [0x00000000a0000000, 0x00000000a2580000, 0x00000000e0000000)
  object space 38400K, 30% used [0x00000000a0000000,0x00000000a0b82178,0x00000000a2580000)
 Metaspace       used 34496K, capacity 35258K, committed 35416K, reserved 1079296K
  class space    used 4767K, capacity 4967K, committed 4992K, reserved 1048576K
}
Event: 9.456 GC heap before
{Heap before GC invocations=13 (full 1):
 PSYoungGen      total 70144K, used 10422K [0x00000000e0000000, 0x00000000e6280000, 0x0000000100000000)
  eden space 60928K, 2% used [0x00000000e0000000,0x00000000e0132878,0x00000000e3b80000)
  from space 9216K, 99% used [0x00000000e3b80000,0x00000000e447b000,0x00000000e4480000)
  to   space 11264K, 0% used [0x00000000e5780000,0x00000000e5780000,0x00000000e6280000)
 ParOldGen       total 38400K, used 11784K [0x00000000a0000000, 0x00000000a2580000, 0x00000000e0000000)
  object space 38400K, 30% used [0x00000000a0000000,0x00000000a0b82178,0x00000000a2580000)
 Metaspace       used 34573K, capacity 35322K, committed 35416K, reserved 1079296K
  class space    used 4777K, capacity 4967K, committed 4992K, reserved 1048576K
Event: 9.474 GC heap after
Heap after GC invocations=13 (full 1):
 PSYoungGen      total 72192K, used 8315K [0x00000000e0000000, 0x00000000e6280000, 0x0000000100000000)
  eden space 60928K, 0% used [0x00000000e0000000,0x00000000e0000000,0x00000000e3b80000)
  from space 11264K, 73% used [0x00000000e5780000,0x00000000e5f9ed38,0x00000000e6280000)
  to   space 9216K, 0% used [0x00000000e3b80000,0x00000000e3b80000,0x00000000e4480000)
 ParOldGen       total 38400K, used 11792K [0x00000000a0000000, 0x00000000a2580000, 0x00000000e0000000)
  object space 38400K, 30% used [0x00000000a0000000,0x00000000a0b84178,0x00000000a2580000)
 Metaspace       used 34573K, capacity 35322K, committed 35416K, reserved 1079296K
  class space    used 4777K, capacity 4967K, committed 4992K, reserved 1048576K
}
Event: 9.474 GC heap before
{Heap before GC invocations=14 (full 2):
 PSYoungGen      total 72192K, used 8315K [0x00000000e0000000, 0x00000000e6280000, 0x0000000100000000)
  eden space 60928K, 0% used [0x00000000e0000000,0x00000000e0000000,0x00000000e3b80000)
  from space 11264K, 73% used [0x00000000e5780000,0x00000000e5f9ed38,0x00000000e6280000)
  to   space 9216K, 0% used [0x00000000e3b80000,0x00000000e3b80000,0x00000000e4480000)
 ParOldGen       total 38400K, used 11792K [0x00000000a0000000, 0x00000000a2580000, 0x00000000e0000000)
  object space 38400K, 30% used [0x00000000a0000000,0x00000000a0b84178,0x00000000a2580000)
 Metaspace       used 34573K, capacity 35322K, committed 35416K, reserved 1079296K
  class space    used 4777K, capacity 4967K, committed 4992K, reserved 1048576K
Event: 9.599 GC heap after
Heap after GC invocations=14 (full 2):
 PSYoungGen      total 72192K, used 0K [0x00000000e0000000, 0x00000000e6280000, 0x0000000100000000)
  eden space 60928K, 0% used [0x00000000e0000000,0x00000000e0000000,0x00000000e3b80000)
  from space 11264K, 0% used [0x00000000e5780000,0x00000000e5780000,0x00000000e6280000)
  to   space 9216K, 0% used [0x00000000e3b80000,0x00000000e3b80000,0x00000000e4480000)
 ParOldGen       total 38400K, used 14835K [0x00000000a0000000, 0x00000000a2580000, 0x00000000e0000000)
  object space 38400K, 38% used [0x00000000a0000000,0x00000000a0e7ce08,0x00000000a2580000)
 Metaspace       used 34573K, capacity 35322K, committed 35416K, reserved 1079296K
  class space    used 4777K, capacity 4967K, committed 4992K, reserved 1048576K
}

